2021-11-11 21:44:25,407:INFO:PyCaret Supervised Module
2021-11-11 21:44:25,408:INFO:ML Usecase: regression
2021-11-11 21:44:25,408:INFO:version 2.3.4
2021-11-11 21:44:25,408:INFO:Initializing setup()
2021-11-11 21:44:25,408:INFO:setup(target=공급량, ml_usecase=regression, available_plots={'parameter': 'Hyperparameters', 'residuals': 'Residuals', 'error': 'Prediction Error', 'cooks': 'Cooks Distance', 'rfe': 'Feature Selection', 'learning': 'Learning Curve', 'manifold': 'Manifold Learning', 'vc': 'Validation Curve', 'feature': 'Feature Importance', 'feature_all': 'Feature Importance (All)', 'tree': 'Decision Tree', 'residuals_interactive': 'Interactive Residuals'}, train_size=0.7, test_data=None, preprocess=True, imputation_type=simple, iterative_imputation_iters=5, categorical_features=None, categorical_imputation=constant, categorical_iterative_imputer=lightgbm, ordinal_features=None, high_cardinality_features=None, high_cardinality_method=frequency, numeric_features=None, numeric_imputation=mean, numeric_iterative_imputer=lightgbm, date_features=None, ignore_features=['연월일'], normalize=False, normalize_method=zscore, transformation=False, transformation_method=yeo-johnson, handle_unknown_categorical=True, unknown_categorical_method=least_frequent, pca=False, pca_method=linear, pca_components=None, ignore_low_variance=False, combine_rare_levels=False, rare_level_threshold=0.1, bin_numeric_features=None, remove_outliers=False, outliers_threshold=0.05, remove_multicollinearity=False, multicollinearity_threshold=0.9, remove_perfect_collinearity=True, create_clusters=False, cluster_iter=20, polynomial_features=False, polynomial_degree=2, trigonometry_features=False, polynomial_threshold=0.1, group_features=None, group_names=None, feature_selection=False, feature_selection_threshold=0.8, feature_selection_method=classic, feature_interaction=False, feature_ratio=False, interaction_threshold=0.01, fix_imbalance=False, fix_imbalance_method=None, transform_target=False, transform_target_method=box-cox, data_split_shuffle=True, data_split_stratify=False, fold_strategy=kfold, fold=10, fold_shuffle=False, fold_groups=None, n_jobs=-1, use_gpu=False, custom_pipeline=None, html=True, session_id=None, log_experiment=False, experiment_name=None, log_plots=False, log_profile=False, log_data=False, silent=False, verbose=True, profile=False, profile_kwargs=None, display=None)
2021-11-11 21:44:25,409:INFO:Checking environment
2021-11-11 21:44:25,409:INFO:python_version: 3.8.8
2021-11-11 21:44:25,409:INFO:python_build: ('default', 'Apr 13 2021 15:08:03')
2021-11-11 21:44:25,409:INFO:machine: AMD64
2021-11-11 21:44:25,409:INFO:platform: Windows-10-10.0.19041-SP0
2021-11-11 21:44:25,410:INFO:Memory: svmem(total=12570210304, available=7106183168, percent=43.5, used=5464027136, free=7106183168)
2021-11-11 21:44:25,410:INFO:Physical Core: 2
2021-11-11 21:44:25,410:INFO:Logical Core: 4
2021-11-11 21:44:25,410:INFO:Checking libraries
2021-11-11 21:44:25,410:INFO:pd==1.2.4
2021-11-11 21:44:25,410:INFO:numpy==1.19.5
2021-11-11 21:44:25,410:INFO:sklearn==0.23.2
2021-11-11 21:44:25,410:INFO:lightgbm==3.3.0
2021-11-11 21:44:25,532:INFO:catboost==1.0.3
2021-11-11 21:44:25,595:INFO:xgboost==1.5.0
2021-11-11 21:44:26,198:INFO:mlflow==1.21.0
2021-11-11 21:44:26,199:INFO:Checking Exceptions
2021-11-11 21:44:26,199:INFO:Declaring global variables
2021-11-11 21:44:26,199:INFO:USI: 61f9
2021-11-11 21:44:26,199:INFO:pycaret_globals: {'fold_groups_param', 'USI', 'fold_shuffle_param', 'seed', 'fold_groups_param_full', 'y', '_internal_pipeline', '_gpu_n_jobs_param', 'log_plots_param', 'X', '_ml_usecase', 'fold_generator', 'experiment__', 'imputation_regressor', '_all_models_internal', 'create_model_container', 'fix_imbalance_param', 'master_model_container', '_available_plots', 'pycaret_globals', 'n_jobs_param', 'iterative_imputation_iters_param', 'stratify_param', 'y_train', '_all_metrics', 'fix_imbalance_method_param', 'X_test', 'logging_param', 'transform_target_method_param', 'X_train', 'transform_target_param', '_all_models', 'data_before_preprocess', 'html_param', 'prep_pipe', 'y_test', 'display_container', 'exp_name_log', 'fold_param', 'imputation_classifier', 'gpu_param', 'target_param'}
2021-11-11 21:44:26,199:INFO:Preparing display monitor
2021-11-11 21:44:26,199:INFO:Preparing display monitor
2021-11-11 21:44:26,214:INFO:Importing libraries
2021-11-11 21:44:26,214:INFO:Copying data for preprocessing
2021-11-11 21:44:26,236:INFO:Declaring preprocessing parameters
2021-11-11 21:44:26,262:INFO:Creating preprocessing pipeline
2021-11-11 21:44:26,669:INFO:Preprocessing pipeline created successfully
2021-11-11 21:44:26,670:ERROR:(Process Exit): setup has been interupted with user command 'quit'. setup must rerun.
2021-11-11 21:44:26,670:INFO:Creating global containers
2021-11-11 21:44:26,671:INFO:Internal pipeline: Pipeline(memory=None, steps=[('empty_step', 'passthrough')], verbose=False)
2021-11-11 21:45:08,788:INFO:Creating grid variables
2021-11-11 21:45:08,832:INFO:create_model_container: 0
2021-11-11 21:45:08,832:INFO:master_model_container: 0
2021-11-11 21:45:08,832:INFO:display_container: 1
2021-11-11 21:45:08,842:INFO:Pipeline(memory=None,
         steps=[('dtypes',
                 DataTypes_Auto_infer(categorical_features=[],
                                      display_types=True,
                                      features_todrop=['연월일'], id_columns=[],
                                      ml_usecase='regression',
                                      numerical_features=[], target='공급량',
                                      time_features=[])),
                ('imputer',
                 Simple_Imputer(categorical_strategy='not_available',
                                fill_value_categorical=None,
                                fill_value_numerical=None,
                                numeric_strateg...
                ('scaling', 'passthrough'), ('P_transform', 'passthrough'),
                ('binn', 'passthrough'), ('rem_outliers', 'passthrough'),
                ('cluster_all', 'passthrough'),
                ('dummy', Dummify(target='공급량')),
                ('fix_perfect', Remove_100(target='공급량')),
                ('clean_names', Clean_Colum_Names()),
                ('feature_select', 'passthrough'), ('fix_multi', 'passthrough'),
                ('dfs', 'passthrough'), ('pca', 'passthrough')],
         verbose=False)
2021-11-11 21:45:08,842:INFO:setup() succesfully completed......................................
2021-11-11 21:46:06,074:INFO:Initializing compare_models()
2021-11-11 21:46:06,075:INFO:compare_models(include=None, fold=None, round=4, cross_validation=True, sort=R2, n_select=1, budget_time=None, turbo=True, errors=ignore, fit_kwargs=None, groups=None, verbose=True, display=None, exclude=None)
2021-11-11 21:46:06,075:INFO:Checking exceptions
2021-11-11 21:46:06,075:INFO:Preparing display monitor
2021-11-11 21:46:06,075:INFO:Preparing display monitor
2021-11-11 21:46:06,119:INFO:Initializing Linear Regression
2021-11-11 21:46:06,119:INFO:Total runtime is 0.0 minutes
2021-11-11 21:46:06,134:INFO:SubProcess create_model() called ==================================
2021-11-11 21:46:06,135:INFO:Initializing create_model()
2021-11-11 21:46:06,135:INFO:create_model(estimator=lr, fold=KFold(n_splits=10, random_state=None, shuffle=False), round=4, cross_validation=True, predict=True, fit_kwargs={}, groups=None, refit=False, verbose=False, system=False, metrics=None, add_to_model_list=True, display=<pycaret.internal.Display.Display object at 0x0000018087ADC5B0>, kwargs={})
2021-11-11 21:46:06,135:INFO:Checking exceptions
2021-11-11 21:46:06,135:INFO:Importing libraries
2021-11-11 21:46:06,135:INFO:Copying training dataset
2021-11-11 21:46:06,150:INFO:Defining folds
2021-11-11 21:46:06,152:INFO:Declaring metric variables
2021-11-11 21:46:06,165:INFO:Importing untrained model
2021-11-11 21:46:06,177:INFO:Linear Regression Imported succesfully
2021-11-11 21:46:06,206:INFO:Starting cross validation
2021-11-11 21:46:06,214:INFO:Cross validating with KFold(n_splits=10, random_state=None, shuffle=False), n_jobs=-1
2021-11-11 21:46:14,367:INFO:Calculating mean and std
2021-11-11 21:46:14,368:INFO:Creating metrics dataframe
2021-11-11 21:46:14,373:INFO:Uploading results into container
2021-11-11 21:46:14,373:INFO:Uploading model into container now
2021-11-11 21:46:14,374:INFO:create_model_container: 1
2021-11-11 21:46:14,374:INFO:master_model_container: 1
2021-11-11 21:46:14,374:INFO:display_container: 2
2021-11-11 21:46:14,374:INFO:LinearRegression(copy_X=True, fit_intercept=True, n_jobs=-1, normalize=False)
2021-11-11 21:46:14,375:INFO:create_model() succesfully completed......................................
2021-11-11 21:46:14,453:INFO:SubProcess create_model() end ==================================
2021-11-11 21:46:14,454:INFO:Creating metrics dataframe
2021-11-11 21:46:14,473:INFO:Initializing Lasso Regression
2021-11-11 21:46:14,473:INFO:Total runtime is 0.13923320372899373 minutes
2021-11-11 21:46:14,489:INFO:SubProcess create_model() called ==================================
2021-11-11 21:46:14,490:INFO:Initializing create_model()
2021-11-11 21:46:14,490:INFO:create_model(estimator=lasso, fold=KFold(n_splits=10, random_state=None, shuffle=False), round=4, cross_validation=True, predict=True, fit_kwargs={}, groups=None, refit=False, verbose=False, system=False, metrics=None, add_to_model_list=True, display=<pycaret.internal.Display.Display object at 0x0000018087ADC5B0>, kwargs={})
2021-11-11 21:46:14,491:INFO:Checking exceptions
2021-11-11 21:46:14,491:INFO:Importing libraries
2021-11-11 21:46:14,492:INFO:Copying training dataset
2021-11-11 21:46:14,504:INFO:Defining folds
2021-11-11 21:46:14,505:INFO:Declaring metric variables
2021-11-11 21:46:14,515:INFO:Importing untrained model
2021-11-11 21:46:14,527:INFO:Lasso Regression Imported succesfully
2021-11-11 21:46:14,552:INFO:Starting cross validation
2021-11-11 21:46:14,553:INFO:Cross validating with KFold(n_splits=10, random_state=None, shuffle=False), n_jobs=-1
2021-11-11 21:46:19,353:INFO:Calculating mean and std
2021-11-11 21:46:19,355:INFO:Creating metrics dataframe
2021-11-11 21:46:19,363:INFO:Uploading results into container
2021-11-11 21:46:19,364:INFO:Uploading model into container now
2021-11-11 21:46:19,364:INFO:create_model_container: 2
2021-11-11 21:46:19,365:INFO:master_model_container: 2
2021-11-11 21:46:19,366:INFO:display_container: 2
2021-11-11 21:46:19,368:INFO:Lasso(alpha=1.0, copy_X=True, fit_intercept=True, max_iter=1000,
      normalize=False, positive=False, precompute=False, random_state=5123,
      selection='cyclic', tol=0.0001, warm_start=False)
2021-11-11 21:46:19,369:INFO:create_model() succesfully completed......................................
2021-11-11 21:46:19,456:INFO:SubProcess create_model() end ==================================
2021-11-11 21:46:19,456:INFO:Creating metrics dataframe
2021-11-11 21:46:19,473:INFO:Initializing Ridge Regression
2021-11-11 21:46:19,473:INFO:Total runtime is 0.22256617148717245 minutes
2021-11-11 21:46:19,488:INFO:SubProcess create_model() called ==================================
2021-11-11 21:46:19,489:INFO:Initializing create_model()
2021-11-11 21:46:19,489:INFO:create_model(estimator=ridge, fold=KFold(n_splits=10, random_state=None, shuffle=False), round=4, cross_validation=True, predict=True, fit_kwargs={}, groups=None, refit=False, verbose=False, system=False, metrics=None, add_to_model_list=True, display=<pycaret.internal.Display.Display object at 0x0000018087ADC5B0>, kwargs={})
2021-11-11 21:46:19,490:INFO:Checking exceptions
2021-11-11 21:46:19,490:INFO:Importing libraries
2021-11-11 21:46:19,490:INFO:Copying training dataset
2021-11-11 21:46:19,502:INFO:Defining folds
2021-11-11 21:46:19,502:INFO:Declaring metric variables
2021-11-11 21:46:19,514:INFO:Importing untrained model
2021-11-11 21:46:19,531:INFO:Ridge Regression Imported succesfully
2021-11-11 21:46:19,560:INFO:Starting cross validation
2021-11-11 21:46:19,561:INFO:Cross validating with KFold(n_splits=10, random_state=None, shuffle=False), n_jobs=-1
2021-11-11 21:46:20,531:INFO:Calculating mean and std
2021-11-11 21:46:20,535:INFO:Creating metrics dataframe
2021-11-11 21:46:20,551:INFO:Uploading results into container
2021-11-11 21:46:20,551:INFO:Uploading model into container now
2021-11-11 21:46:20,552:INFO:create_model_container: 3
2021-11-11 21:46:20,553:INFO:master_model_container: 3
2021-11-11 21:46:20,553:INFO:display_container: 2
2021-11-11 21:46:20,556:INFO:Ridge(alpha=1.0, copy_X=True, fit_intercept=True, max_iter=None,
      normalize=False, random_state=5123, solver='auto', tol=0.001)
2021-11-11 21:46:20,556:INFO:create_model() succesfully completed......................................
2021-11-11 21:46:20,642:INFO:SubProcess create_model() end ==================================
2021-11-11 21:46:20,642:INFO:Creating metrics dataframe
2021-11-11 21:46:20,659:INFO:Initializing Elastic Net
2021-11-11 21:46:20,659:INFO:Total runtime is 0.24233931303024292 minutes
2021-11-11 21:46:20,675:INFO:SubProcess create_model() called ==================================
2021-11-11 21:46:20,676:INFO:Initializing create_model()
2021-11-11 21:46:20,676:INFO:create_model(estimator=en, fold=KFold(n_splits=10, random_state=None, shuffle=False), round=4, cross_validation=True, predict=True, fit_kwargs={}, groups=None, refit=False, verbose=False, system=False, metrics=None, add_to_model_list=True, display=<pycaret.internal.Display.Display object at 0x0000018087ADC5B0>, kwargs={})
2021-11-11 21:46:20,676:INFO:Checking exceptions
2021-11-11 21:46:20,676:INFO:Importing libraries
2021-11-11 21:46:20,677:INFO:Copying training dataset
2021-11-11 21:46:20,689:INFO:Defining folds
2021-11-11 21:46:20,689:INFO:Declaring metric variables
2021-11-11 21:46:20,698:INFO:Importing untrained model
2021-11-11 21:46:20,709:INFO:Elastic Net Imported succesfully
2021-11-11 21:46:20,734:INFO:Starting cross validation
2021-11-11 21:46:20,735:INFO:Cross validating with KFold(n_splits=10, random_state=None, shuffle=False), n_jobs=-1
2021-11-11 21:46:22,308:INFO:Calculating mean and std
2021-11-11 21:46:22,311:INFO:Creating metrics dataframe
2021-11-11 21:46:22,328:INFO:Uploading results into container
2021-11-11 21:46:22,328:INFO:Uploading model into container now
2021-11-11 21:46:22,329:INFO:create_model_container: 4
2021-11-11 21:46:22,330:INFO:master_model_container: 4
2021-11-11 21:46:22,330:INFO:display_container: 2
2021-11-11 21:46:22,332:INFO:ElasticNet(alpha=1.0, copy_X=True, fit_intercept=True, l1_ratio=0.5,
           max_iter=1000, normalize=False, positive=False, precompute=False,
           random_state=5123, selection='cyclic', tol=0.0001, warm_start=False)
2021-11-11 21:46:22,332:INFO:create_model() succesfully completed......................................
2021-11-11 21:46:22,410:INFO:SubProcess create_model() end ==================================
2021-11-11 21:46:22,410:INFO:Creating metrics dataframe
2021-11-11 21:46:22,427:INFO:Initializing Least Angle Regression
2021-11-11 21:46:22,427:INFO:Total runtime is 0.2718113462130229 minutes
2021-11-11 21:46:22,441:INFO:SubProcess create_model() called ==================================
2021-11-11 21:46:22,443:INFO:Initializing create_model()
2021-11-11 21:46:22,443:INFO:create_model(estimator=lar, fold=KFold(n_splits=10, random_state=None, shuffle=False), round=4, cross_validation=True, predict=True, fit_kwargs={}, groups=None, refit=False, verbose=False, system=False, metrics=None, add_to_model_list=True, display=<pycaret.internal.Display.Display object at 0x0000018087ADC5B0>, kwargs={})
2021-11-11 21:46:22,443:INFO:Checking exceptions
2021-11-11 21:46:22,443:INFO:Importing libraries
2021-11-11 21:46:22,443:INFO:Copying training dataset
2021-11-11 21:46:22,456:INFO:Defining folds
2021-11-11 21:46:22,456:INFO:Declaring metric variables
2021-11-11 21:46:22,465:INFO:Importing untrained model
2021-11-11 21:46:22,476:INFO:Least Angle Regression Imported succesfully
2021-11-11 21:46:22,501:INFO:Starting cross validation
2021-11-11 21:46:22,502:INFO:Cross validating with KFold(n_splits=10, random_state=None, shuffle=False), n_jobs=-1
2021-11-11 21:46:23,728:INFO:Calculating mean and std
2021-11-11 21:46:23,731:INFO:Creating metrics dataframe
2021-11-11 21:46:23,744:INFO:Uploading results into container
2021-11-11 21:46:23,745:INFO:Uploading model into container now
2021-11-11 21:46:23,745:INFO:create_model_container: 5
2021-11-11 21:46:23,745:INFO:master_model_container: 5
2021-11-11 21:46:23,746:INFO:display_container: 2
2021-11-11 21:46:23,747:INFO:Lars(copy_X=True, eps=2.220446049250313e-16, fit_intercept=True, fit_path=True,
     jitter=None, n_nonzero_coefs=500, normalize=True, precompute='auto',
     random_state=5123, verbose=False)
2021-11-11 21:46:23,748:INFO:create_model() succesfully completed......................................
2021-11-11 21:46:23,830:INFO:SubProcess create_model() end ==================================
2021-11-11 21:46:23,830:INFO:Creating metrics dataframe
2021-11-11 21:46:23,850:INFO:Initializing Lasso Least Angle Regression
2021-11-11 21:46:23,850:INFO:Total runtime is 0.2955165505409241 minutes
2021-11-11 21:46:23,866:INFO:SubProcess create_model() called ==================================
2021-11-11 21:46:23,866:INFO:Initializing create_model()
2021-11-11 21:46:23,867:INFO:create_model(estimator=llar, fold=KFold(n_splits=10, random_state=None, shuffle=False), round=4, cross_validation=True, predict=True, fit_kwargs={}, groups=None, refit=False, verbose=False, system=False, metrics=None, add_to_model_list=True, display=<pycaret.internal.Display.Display object at 0x0000018087ADC5B0>, kwargs={})
2021-11-11 21:46:23,867:INFO:Checking exceptions
2021-11-11 21:46:23,867:INFO:Importing libraries
2021-11-11 21:46:23,867:INFO:Copying training dataset
2021-11-11 21:46:23,878:INFO:Defining folds
2021-11-11 21:46:23,878:INFO:Declaring metric variables
2021-11-11 21:46:23,890:INFO:Importing untrained model
2021-11-11 21:46:23,901:INFO:Lasso Least Angle Regression Imported succesfully
2021-11-11 21:46:23,926:INFO:Starting cross validation
2021-11-11 21:46:23,927:INFO:Cross validating with KFold(n_splits=10, random_state=None, shuffle=False), n_jobs=-1
2021-11-11 21:46:25,098:INFO:Calculating mean and std
2021-11-11 21:46:25,101:INFO:Creating metrics dataframe
2021-11-11 21:46:25,116:INFO:Uploading results into container
2021-11-11 21:46:25,117:INFO:Uploading model into container now
2021-11-11 21:46:25,118:INFO:create_model_container: 6
2021-11-11 21:46:25,118:INFO:master_model_container: 6
2021-11-11 21:46:25,119:INFO:display_container: 2
2021-11-11 21:46:25,122:INFO:LassoLars(alpha=1.0, copy_X=True, eps=2.220446049250313e-16, fit_intercept=True,
          fit_path=True, jitter=None, max_iter=500, normalize=True,
          positive=False, precompute='auto', random_state=5123, verbose=False)
2021-11-11 21:46:25,123:INFO:create_model() succesfully completed......................................
2021-11-11 21:46:25,236:INFO:SubProcess create_model() end ==================================
2021-11-11 21:46:25,236:INFO:Creating metrics dataframe
2021-11-11 21:46:25,258:INFO:Initializing Orthogonal Matching Pursuit
2021-11-11 21:46:25,258:INFO:Total runtime is 0.3189960360527039 minutes
2021-11-11 21:46:25,276:INFO:SubProcess create_model() called ==================================
2021-11-11 21:46:25,276:INFO:Initializing create_model()
2021-11-11 21:46:25,277:INFO:create_model(estimator=omp, fold=KFold(n_splits=10, random_state=None, shuffle=False), round=4, cross_validation=True, predict=True, fit_kwargs={}, groups=None, refit=False, verbose=False, system=False, metrics=None, add_to_model_list=True, display=<pycaret.internal.Display.Display object at 0x0000018087ADC5B0>, kwargs={})
2021-11-11 21:46:25,278:INFO:Checking exceptions
2021-11-11 21:46:25,278:INFO:Importing libraries
2021-11-11 21:46:25,278:INFO:Copying training dataset
2021-11-11 21:46:25,290:INFO:Defining folds
2021-11-11 21:46:25,291:INFO:Declaring metric variables
2021-11-11 21:46:25,300:INFO:Importing untrained model
2021-11-11 21:46:25,312:INFO:Orthogonal Matching Pursuit Imported succesfully
2021-11-11 21:46:25,337:INFO:Starting cross validation
2021-11-11 21:46:25,339:INFO:Cross validating with KFold(n_splits=10, random_state=None, shuffle=False), n_jobs=-1
2021-11-11 21:46:26,521:INFO:Calculating mean and std
2021-11-11 21:46:26,524:INFO:Creating metrics dataframe
2021-11-11 21:46:26,540:INFO:Uploading results into container
2021-11-11 21:46:26,540:INFO:Uploading model into container now
2021-11-11 21:46:26,541:INFO:create_model_container: 7
2021-11-11 21:46:26,541:INFO:master_model_container: 7
2021-11-11 21:46:26,542:INFO:display_container: 2
2021-11-11 21:46:26,544:INFO:OrthogonalMatchingPursuit(fit_intercept=True, n_nonzero_coefs=None,
                          normalize=True, precompute='auto', tol=None)
2021-11-11 21:46:26,544:INFO:create_model() succesfully completed......................................
2021-11-11 21:46:26,629:INFO:SubProcess create_model() end ==================================
2021-11-11 21:46:26,629:INFO:Creating metrics dataframe
2021-11-11 21:46:26,647:INFO:Initializing Bayesian Ridge
2021-11-11 21:46:26,648:INFO:Total runtime is 0.3421547134717306 minutes
2021-11-11 21:46:26,662:INFO:SubProcess create_model() called ==================================
2021-11-11 21:46:26,662:INFO:Initializing create_model()
2021-11-11 21:46:26,663:INFO:create_model(estimator=br, fold=KFold(n_splits=10, random_state=None, shuffle=False), round=4, cross_validation=True, predict=True, fit_kwargs={}, groups=None, refit=False, verbose=False, system=False, metrics=None, add_to_model_list=True, display=<pycaret.internal.Display.Display object at 0x0000018087ADC5B0>, kwargs={})
2021-11-11 21:46:26,663:INFO:Checking exceptions
2021-11-11 21:46:26,663:INFO:Importing libraries
2021-11-11 21:46:26,664:INFO:Copying training dataset
2021-11-11 21:46:26,676:INFO:Defining folds
2021-11-11 21:46:26,676:INFO:Declaring metric variables
2021-11-11 21:46:26,688:INFO:Importing untrained model
2021-11-11 21:46:26,699:INFO:Bayesian Ridge Imported succesfully
2021-11-11 21:46:26,740:INFO:Starting cross validation
2021-11-11 21:46:26,746:INFO:Cross validating with KFold(n_splits=10, random_state=None, shuffle=False), n_jobs=-1
2021-11-11 21:46:36,036:INFO:Calculating mean and std
2021-11-11 21:46:36,038:INFO:Creating metrics dataframe
2021-11-11 21:46:36,047:INFO:Uploading results into container
2021-11-11 21:46:36,047:INFO:Uploading model into container now
2021-11-11 21:46:36,048:INFO:create_model_container: 8
2021-11-11 21:46:36,048:INFO:master_model_container: 8
2021-11-11 21:46:36,049:INFO:display_container: 2
2021-11-11 21:46:36,050:INFO:BayesianRidge(alpha_1=1e-06, alpha_2=1e-06, alpha_init=None,
              compute_score=False, copy_X=True, fit_intercept=True,
              lambda_1=1e-06, lambda_2=1e-06, lambda_init=None, n_iter=300,
              normalize=False, tol=0.001, verbose=False)
2021-11-11 21:46:36,051:INFO:create_model() succesfully completed......................................
2021-11-11 21:46:36,127:INFO:SubProcess create_model() end ==================================
2021-11-11 21:46:36,128:INFO:Creating metrics dataframe
2021-11-11 21:46:36,147:INFO:Initializing Passive Aggressive Regressor
2021-11-11 21:46:36,147:INFO:Total runtime is 0.5004759669303894 minutes
2021-11-11 21:46:36,158:INFO:SubProcess create_model() called ==================================
2021-11-11 21:46:36,159:INFO:Initializing create_model()
2021-11-11 21:46:36,159:INFO:create_model(estimator=par, fold=KFold(n_splits=10, random_state=None, shuffle=False), round=4, cross_validation=True, predict=True, fit_kwargs={}, groups=None, refit=False, verbose=False, system=False, metrics=None, add_to_model_list=True, display=<pycaret.internal.Display.Display object at 0x0000018087ADC5B0>, kwargs={})
2021-11-11 21:46:36,159:INFO:Checking exceptions
2021-11-11 21:46:36,159:INFO:Importing libraries
2021-11-11 21:46:36,160:INFO:Copying training dataset
2021-11-11 21:46:36,172:INFO:Defining folds
2021-11-11 21:46:36,172:INFO:Declaring metric variables
2021-11-11 21:46:36,185:INFO:Importing untrained model
2021-11-11 21:46:36,196:INFO:Passive Aggressive Regressor Imported succesfully
2021-11-11 21:46:36,221:INFO:Starting cross validation
2021-11-11 21:46:36,222:INFO:Cross validating with KFold(n_splits=10, random_state=None, shuffle=False), n_jobs=-1
2021-11-11 21:46:39,993:INFO:Calculating mean and std
2021-11-11 21:46:39,996:INFO:Creating metrics dataframe
2021-11-11 21:46:40,012:INFO:Uploading results into container
2021-11-11 21:46:40,013:INFO:Uploading model into container now
2021-11-11 21:46:40,013:INFO:create_model_container: 9
2021-11-11 21:46:40,014:INFO:master_model_container: 9
2021-11-11 21:46:40,015:INFO:display_container: 2
2021-11-11 21:46:40,017:INFO:PassiveAggressiveRegressor(C=1.0, average=False, early_stopping=False,
                           epsilon=0.1, fit_intercept=True,
                           loss='epsilon_insensitive', max_iter=1000,
                           n_iter_no_change=5, random_state=5123, shuffle=True,
                           tol=0.001, validation_fraction=0.1, verbose=0,
                           warm_start=False)
2021-11-11 21:46:40,018:INFO:create_model() succesfully completed......................................
2021-11-11 21:46:40,105:INFO:SubProcess create_model() end ==================================
2021-11-11 21:46:40,105:INFO:Creating metrics dataframe
2021-11-11 21:46:40,124:INFO:Initializing Huber Regressor
2021-11-11 21:46:40,125:INFO:Total runtime is 0.5667678395907084 minutes
2021-11-11 21:46:40,137:INFO:SubProcess create_model() called ==================================
2021-11-11 21:46:40,137:INFO:Initializing create_model()
2021-11-11 21:46:40,138:INFO:create_model(estimator=huber, fold=KFold(n_splits=10, random_state=None, shuffle=False), round=4, cross_validation=True, predict=True, fit_kwargs={}, groups=None, refit=False, verbose=False, system=False, metrics=None, add_to_model_list=True, display=<pycaret.internal.Display.Display object at 0x0000018087ADC5B0>, kwargs={})
2021-11-11 21:46:40,138:INFO:Checking exceptions
2021-11-11 21:46:40,138:INFO:Importing libraries
2021-11-11 21:46:40,138:INFO:Copying training dataset
2021-11-11 21:46:40,151:INFO:Defining folds
2021-11-11 21:46:40,151:INFO:Declaring metric variables
2021-11-11 21:46:40,164:INFO:Importing untrained model
2021-11-11 21:46:40,173:INFO:Huber Regressor Imported succesfully
2021-11-11 21:46:40,197:INFO:Starting cross validation
2021-11-11 21:46:40,198:INFO:Cross validating with KFold(n_splits=10, random_state=None, shuffle=False), n_jobs=-1
2021-11-11 21:48:16,350:INFO:Calculating mean and std
2021-11-11 21:48:16,351:INFO:Creating metrics dataframe
2021-11-11 21:48:16,359:INFO:Uploading results into container
2021-11-11 21:48:16,359:INFO:Uploading model into container now
2021-11-11 21:48:16,360:INFO:create_model_container: 10
2021-11-11 21:48:16,360:INFO:master_model_container: 10
2021-11-11 21:48:16,360:INFO:display_container: 2
2021-11-11 21:48:16,362:INFO:HuberRegressor(alpha=0.0001, epsilon=1.35, fit_intercept=True, max_iter=100,
               tol=1e-05, warm_start=False)
2021-11-11 21:48:16,363:INFO:create_model() succesfully completed......................................
2021-11-11 21:48:16,534:INFO:SubProcess create_model() end ==================================
2021-11-11 21:48:16,534:INFO:Creating metrics dataframe
2021-11-11 21:48:16,576:INFO:Initializing K Neighbors Regressor
2021-11-11 21:48:16,576:INFO:Total runtime is 2.174288249015808 minutes
2021-11-11 21:48:16,593:INFO:SubProcess create_model() called ==================================
2021-11-11 21:48:16,593:INFO:Initializing create_model()
2021-11-11 21:48:16,594:INFO:create_model(estimator=knn, fold=KFold(n_splits=10, random_state=None, shuffle=False), round=4, cross_validation=True, predict=True, fit_kwargs={}, groups=None, refit=False, verbose=False, system=False, metrics=None, add_to_model_list=True, display=<pycaret.internal.Display.Display object at 0x0000018087ADC5B0>, kwargs={})
2021-11-11 21:48:16,594:INFO:Checking exceptions
2021-11-11 21:48:16,594:INFO:Importing libraries
2021-11-11 21:48:16,594:INFO:Copying training dataset
2021-11-11 21:48:16,607:INFO:Defining folds
2021-11-11 21:48:16,607:INFO:Declaring metric variables
2021-11-11 21:48:16,619:INFO:Importing untrained model
2021-11-11 21:48:16,635:INFO:K Neighbors Regressor Imported succesfully
2021-11-11 21:48:16,675:INFO:Starting cross validation
2021-11-11 21:48:16,676:INFO:Cross validating with KFold(n_splits=10, random_state=None, shuffle=False), n_jobs=-1
2021-11-11 21:48:58,770:INFO:Calculating mean and std
2021-11-11 21:48:58,773:INFO:Creating metrics dataframe
2021-11-11 21:48:58,789:INFO:Uploading results into container
2021-11-11 21:48:58,789:INFO:Uploading model into container now
2021-11-11 21:48:58,790:INFO:create_model_container: 11
2021-11-11 21:48:58,790:INFO:master_model_container: 11
2021-11-11 21:48:58,791:INFO:display_container: 2
2021-11-11 21:48:58,792:INFO:KNeighborsRegressor(algorithm='auto', leaf_size=30, metric='minkowski',
                    metric_params=None, n_jobs=-1, n_neighbors=5, p=2,
                    weights='uniform')
2021-11-11 21:48:58,792:INFO:create_model() succesfully completed......................................
2021-11-11 21:48:58,879:INFO:SubProcess create_model() end ==================================
2021-11-11 21:48:58,879:INFO:Creating metrics dataframe
2021-11-11 21:48:58,900:INFO:Initializing Decision Tree Regressor
2021-11-11 21:48:58,901:INFO:Total runtime is 2.8796969413757325 minutes
2021-11-11 21:48:58,910:INFO:SubProcess create_model() called ==================================
2021-11-11 21:48:58,911:INFO:Initializing create_model()
2021-11-11 21:48:58,911:INFO:create_model(estimator=dt, fold=KFold(n_splits=10, random_state=None, shuffle=False), round=4, cross_validation=True, predict=True, fit_kwargs={}, groups=None, refit=False, verbose=False, system=False, metrics=None, add_to_model_list=True, display=<pycaret.internal.Display.Display object at 0x0000018087ADC5B0>, kwargs={})
2021-11-11 21:48:58,911:INFO:Checking exceptions
2021-11-11 21:48:58,911:INFO:Importing libraries
2021-11-11 21:48:58,912:INFO:Copying training dataset
2021-11-11 21:48:58,923:INFO:Defining folds
2021-11-11 21:48:58,923:INFO:Declaring metric variables
2021-11-11 21:48:58,933:INFO:Importing untrained model
2021-11-11 21:48:58,946:INFO:Decision Tree Regressor Imported succesfully
2021-11-11 21:48:58,967:INFO:Starting cross validation
2021-11-11 21:48:58,968:INFO:Cross validating with KFold(n_splits=10, random_state=None, shuffle=False), n_jobs=-1
2021-11-11 21:49:12,013:INFO:Calculating mean and std
2021-11-11 21:49:12,016:INFO:Creating metrics dataframe
2021-11-11 21:49:12,034:INFO:Uploading results into container
2021-11-11 21:49:12,035:INFO:Uploading model into container now
2021-11-11 21:49:12,035:INFO:create_model_container: 12
2021-11-11 21:49:12,036:INFO:master_model_container: 12
2021-11-11 21:49:12,036:INFO:display_container: 2
2021-11-11 21:49:12,039:INFO:DecisionTreeRegressor(ccp_alpha=0.0, criterion='mse', max_depth=None,
                      max_features=None, max_leaf_nodes=None,
                      min_impurity_decrease=0.0, min_impurity_split=None,
                      min_samples_leaf=1, min_samples_split=2,
                      min_weight_fraction_leaf=0.0, presort='deprecated',
                      random_state=5123, splitter='best')
2021-11-11 21:49:12,039:INFO:create_model() succesfully completed......................................
2021-11-11 21:49:12,118:INFO:SubProcess create_model() end ==================================
2021-11-11 21:49:12,118:INFO:Creating metrics dataframe
2021-11-11 21:49:12,139:INFO:Initializing Random Forest Regressor
2021-11-11 21:49:12,139:INFO:Total runtime is 3.1003428578376773 minutes
2021-11-11 21:49:12,150:INFO:SubProcess create_model() called ==================================
2021-11-11 21:49:12,151:INFO:Initializing create_model()
2021-11-11 21:49:12,151:INFO:create_model(estimator=rf, fold=KFold(n_splits=10, random_state=None, shuffle=False), round=4, cross_validation=True, predict=True, fit_kwargs={}, groups=None, refit=False, verbose=False, system=False, metrics=None, add_to_model_list=True, display=<pycaret.internal.Display.Display object at 0x0000018087ADC5B0>, kwargs={})
2021-11-11 21:49:12,151:INFO:Checking exceptions
2021-11-11 21:49:12,152:INFO:Importing libraries
2021-11-11 21:49:12,152:INFO:Copying training dataset
2021-11-11 21:49:12,163:INFO:Defining folds
2021-11-11 21:49:12,164:INFO:Declaring metric variables
2021-11-11 21:49:12,172:INFO:Importing untrained model
2021-11-11 21:49:12,182:INFO:Random Forest Regressor Imported succesfully
2021-11-11 21:49:12,203:INFO:Starting cross validation
2021-11-11 21:49:12,204:INFO:Cross validating with KFold(n_splits=10, random_state=None, shuffle=False), n_jobs=-1
2021-11-11 22:02:17,424:INFO:Calculating mean and std
2021-11-11 22:02:17,425:INFO:Creating metrics dataframe
2021-11-11 22:02:17,429:INFO:Uploading results into container
2021-11-11 22:02:17,430:INFO:Uploading model into container now
2021-11-11 22:02:17,430:INFO:create_model_container: 13
2021-11-11 22:02:17,430:INFO:master_model_container: 13
2021-11-11 22:02:17,430:INFO:display_container: 2
2021-11-11 22:02:17,431:INFO:RandomForestRegressor(bootstrap=True, ccp_alpha=0.0, criterion='mse',
                      max_depth=None, max_features='auto', max_leaf_nodes=None,
                      max_samples=None, min_impurity_decrease=0.0,
                      min_impurity_split=None, min_samples_leaf=1,
                      min_samples_split=2, min_weight_fraction_leaf=0.0,
                      n_estimators=100, n_jobs=-1, oob_score=False,
                      random_state=5123, verbose=0, warm_start=False)
2021-11-11 22:02:17,431:INFO:create_model() succesfully completed......................................
2021-11-11 22:02:17,520:INFO:SubProcess create_model() end ==================================
2021-11-11 22:02:17,520:INFO:Creating metrics dataframe
2021-11-11 22:02:17,545:INFO:Initializing Extra Trees Regressor
2021-11-11 22:02:17,545:INFO:Total runtime is 16.19043485323588 minutes
2021-11-11 22:02:17,558:INFO:SubProcess create_model() called ==================================
2021-11-11 22:02:17,559:INFO:Initializing create_model()
2021-11-11 22:02:17,559:INFO:create_model(estimator=et, fold=KFold(n_splits=10, random_state=None, shuffle=False), round=4, cross_validation=True, predict=True, fit_kwargs={}, groups=None, refit=False, verbose=False, system=False, metrics=None, add_to_model_list=True, display=<pycaret.internal.Display.Display object at 0x0000018087ADC5B0>, kwargs={})
2021-11-11 22:02:17,559:INFO:Checking exceptions
2021-11-11 22:02:17,559:INFO:Importing libraries
2021-11-11 22:02:17,559:INFO:Copying training dataset
2021-11-11 22:02:17,574:INFO:Defining folds
2021-11-11 22:02:17,574:INFO:Declaring metric variables
2021-11-11 22:02:17,586:INFO:Importing untrained model
2021-11-11 22:02:17,599:INFO:Extra Trees Regressor Imported succesfully
2021-11-11 22:02:17,626:INFO:Starting cross validation
2021-11-11 22:02:17,627:INFO:Cross validating with KFold(n_splits=10, random_state=None, shuffle=False), n_jobs=-1
2021-11-11 22:23:02,632:INFO:Calculating mean and std
2021-11-11 22:23:08,599:INFO:Creating metrics dataframe
2021-11-11 22:23:12,342:INFO:Uploading results into container
2021-11-11 22:23:12,342:INFO:Uploading model into container now
2021-11-11 22:23:12,351:INFO:create_model_container: 14
2021-11-11 22:23:12,351:INFO:master_model_container: 14
2021-11-11 22:23:12,352:INFO:display_container: 2
2021-11-11 22:23:12,529:INFO:ExtraTreesRegressor(bootstrap=False, ccp_alpha=0.0, criterion='mse',
                    max_depth=None, max_features='auto', max_leaf_nodes=None,
                    max_samples=None, min_impurity_decrease=0.0,
                    min_impurity_split=None, min_samples_leaf=1,
                    min_samples_split=2, min_weight_fraction_leaf=0.0,
                    n_estimators=100, n_jobs=-1, oob_score=False,
                    random_state=5123, verbose=0, warm_start=False)
2021-11-11 22:23:12,600:INFO:create_model() succesfully completed......................................
2021-11-11 22:23:18,570:INFO:SubProcess create_model() end ==================================
2021-11-11 22:23:18,571:INFO:Creating metrics dataframe
2021-11-11 22:23:18,696:INFO:Initializing AdaBoost Regressor
2021-11-11 22:23:18,697:INFO:Total runtime is 37.20962969859441 minutes
2021-11-11 22:23:18,760:INFO:SubProcess create_model() called ==================================
2021-11-11 22:23:18,760:INFO:Initializing create_model()
2021-11-11 22:23:18,761:INFO:create_model(estimator=ada, fold=KFold(n_splits=10, random_state=None, shuffle=False), round=4, cross_validation=True, predict=True, fit_kwargs={}, groups=None, refit=False, verbose=False, system=False, metrics=None, add_to_model_list=True, display=<pycaret.internal.Display.Display object at 0x0000018087ADC5B0>, kwargs={})
2021-11-11 22:23:18,761:INFO:Checking exceptions
2021-11-11 22:23:18,761:INFO:Importing libraries
2021-11-11 22:23:18,781:INFO:Copying training dataset
2021-11-11 22:23:19,179:INFO:Defining folds
2021-11-11 22:23:19,180:INFO:Declaring metric variables
2021-11-11 22:23:19,215:INFO:Importing untrained model
2021-11-11 22:23:19,240:INFO:AdaBoost Regressor Imported succesfully
2021-11-11 22:23:19,271:INFO:Starting cross validation
2021-11-11 22:23:19,272:INFO:Cross validating with KFold(n_splits=10, random_state=None, shuffle=False), n_jobs=-1
2021-11-11 22:25:57,871:INFO:Calculating mean and std
2021-11-11 22:25:57,874:INFO:Creating metrics dataframe
2021-11-11 22:25:57,894:INFO:Uploading results into container
2021-11-11 22:25:57,895:INFO:Uploading model into container now
2021-11-11 22:25:57,896:INFO:create_model_container: 15
2021-11-11 22:25:57,896:INFO:master_model_container: 15
2021-11-11 22:25:57,897:INFO:display_container: 2
2021-11-11 22:25:57,898:INFO:AdaBoostRegressor(base_estimator=None, learning_rate=1.0, loss='linear',
                  n_estimators=50, random_state=5123)
2021-11-11 22:25:57,899:INFO:create_model() succesfully completed......................................
2021-11-11 22:25:57,987:INFO:SubProcess create_model() end ==================================
2021-11-11 22:25:57,987:INFO:Creating metrics dataframe
2021-11-11 22:25:58,057:INFO:Initializing Gradient Boosting Regressor
2021-11-11 22:25:58,057:INFO:Total runtime is 39.8656305551529 minutes
2021-11-11 22:25:58,066:INFO:SubProcess create_model() called ==================================
2021-11-11 22:25:58,066:INFO:Initializing create_model()
2021-11-11 22:25:58,066:INFO:create_model(estimator=gbr, fold=KFold(n_splits=10, random_state=None, shuffle=False), round=4, cross_validation=True, predict=True, fit_kwargs={}, groups=None, refit=False, verbose=False, system=False, metrics=None, add_to_model_list=True, display=<pycaret.internal.Display.Display object at 0x0000018087ADC5B0>, kwargs={})
2021-11-11 22:25:58,066:INFO:Checking exceptions
2021-11-11 22:25:58,067:INFO:Importing libraries
2021-11-11 22:25:58,067:INFO:Copying training dataset
2021-11-11 22:25:58,082:INFO:Defining folds
2021-11-11 22:25:58,082:INFO:Declaring metric variables
2021-11-11 22:25:58,094:INFO:Importing untrained model
2021-11-11 22:25:58,112:INFO:Gradient Boosting Regressor Imported succesfully
2021-11-11 22:25:58,144:INFO:Starting cross validation
2021-11-11 22:25:58,145:INFO:Cross validating with KFold(n_splits=10, random_state=None, shuffle=False), n_jobs=-1
2021-11-11 22:29:27,591:INFO:Calculating mean and std
2021-11-11 22:29:27,594:INFO:Creating metrics dataframe
2021-11-11 22:29:27,611:INFO:Uploading results into container
2021-11-11 22:29:27,612:INFO:Uploading model into container now
2021-11-11 22:29:27,612:INFO:create_model_container: 16
2021-11-11 22:29:27,612:INFO:master_model_container: 16
2021-11-11 22:29:27,612:INFO:display_container: 2
2021-11-11 22:29:27,889:INFO:GradientBoostingRegressor(alpha=0.9, ccp_alpha=0.0, criterion='friedman_mse',
                          init=None, learning_rate=0.1, loss='ls', max_depth=3,
                          max_features=None, max_leaf_nodes=None,
                          min_impurity_decrease=0.0, min_impurity_split=None,
                          min_samples_leaf=1, min_samples_split=2,
                          min_weight_fraction_leaf=0.0, n_estimators=100,
                          n_iter_no_change=None, presort='deprecated',
                          random_state=5123, subsample=1.0, tol=0.0001,
                          validation_fraction=0.1, verbose=0, warm_start=False)
2021-11-11 22:29:27,890:INFO:create_model() succesfully completed......................................
2021-11-11 22:29:28,013:INFO:SubProcess create_model() end ==================================
2021-11-11 22:29:28,013:INFO:Creating metrics dataframe
2021-11-11 22:29:28,035:INFO:Initializing Extreme Gradient Boosting
2021-11-11 22:29:28,035:INFO:Total runtime is 43.36527139345805 minutes
2021-11-11 22:29:28,057:INFO:SubProcess create_model() called ==================================
2021-11-11 22:29:28,057:INFO:Initializing create_model()
2021-11-11 22:29:28,058:INFO:create_model(estimator=xgboost, fold=KFold(n_splits=10, random_state=None, shuffle=False), round=4, cross_validation=True, predict=True, fit_kwargs={}, groups=None, refit=False, verbose=False, system=False, metrics=None, add_to_model_list=True, display=<pycaret.internal.Display.Display object at 0x0000018087ADC5B0>, kwargs={})
2021-11-11 22:29:28,058:INFO:Checking exceptions
2021-11-11 22:29:28,058:INFO:Importing libraries
2021-11-11 22:29:28,058:INFO:Copying training dataset
2021-11-11 22:29:28,069:INFO:Defining folds
2021-11-11 22:29:28,069:INFO:Declaring metric variables
2021-11-11 22:29:28,076:INFO:Importing untrained model
2021-11-11 22:29:28,110:INFO:Extreme Gradient Boosting Imported succesfully
2021-11-11 22:29:28,139:INFO:Starting cross validation
2021-11-11 22:29:28,141:INFO:Cross validating with KFold(n_splits=10, random_state=None, shuffle=False), n_jobs=-1
2021-11-11 22:32:10,273:INFO:Calculating mean and std
2021-11-11 22:32:10,277:INFO:Creating metrics dataframe
2021-11-11 22:32:10,295:INFO:Uploading results into container
2021-11-11 22:32:10,296:INFO:Uploading model into container now
2021-11-11 22:32:10,296:INFO:create_model_container: 17
2021-11-11 22:32:10,297:INFO:master_model_container: 17
2021-11-11 22:32:10,297:INFO:display_container: 2
2021-11-11 22:32:10,328:INFO:XGBRegressor(base_score=None, booster='gbtree', colsample_bylevel=None,
             colsample_bynode=None, colsample_bytree=None,
             enable_categorical=False, gamma=None, gpu_id=None,
             importance_type=None, interaction_constraints=None,
             learning_rate=None, max_delta_step=None, max_depth=None,
             min_child_weight=None, missing=nan, monotone_constraints=None,
             n_estimators=100, n_jobs=-1, num_parallel_tree=None,
             objective='reg:squarederror', predictor=None, random_state=5123,
             reg_alpha=None, reg_lambda=None, scale_pos_weight=None,
             subsample=None, tree_method='auto', validate_parameters=None,
             verbosity=0)
2021-11-11 22:32:10,328:INFO:create_model() succesfully completed......................................
2021-11-11 22:32:10,415:INFO:SubProcess create_model() end ==================================
2021-11-11 22:32:10,415:INFO:Creating metrics dataframe
2021-11-11 22:32:10,453:INFO:Initializing Light Gradient Boosting Machine
2021-11-11 22:32:10,453:INFO:Total runtime is 46.072241755326594 minutes
2021-11-11 22:32:10,466:INFO:SubProcess create_model() called ==================================
2021-11-11 22:32:10,466:INFO:Initializing create_model()
2021-11-11 22:32:10,466:INFO:create_model(estimator=lightgbm, fold=KFold(n_splits=10, random_state=None, shuffle=False), round=4, cross_validation=True, predict=True, fit_kwargs={}, groups=None, refit=False, verbose=False, system=False, metrics=None, add_to_model_list=True, display=<pycaret.internal.Display.Display object at 0x0000018087ADC5B0>, kwargs={})
2021-11-11 22:32:10,477:INFO:Checking exceptions
2021-11-11 22:32:10,478:INFO:Importing libraries
2021-11-11 22:32:10,478:INFO:Copying training dataset
2021-11-11 22:32:10,492:INFO:Defining folds
2021-11-11 22:32:10,493:INFO:Declaring metric variables
2021-11-11 22:32:10,503:INFO:Importing untrained model
2021-11-11 22:32:10,515:INFO:Light Gradient Boosting Machine Imported succesfully
2021-11-11 22:32:10,541:INFO:Starting cross validation
2021-11-11 22:32:10,541:INFO:Cross validating with KFold(n_splits=10, random_state=None, shuffle=False), n_jobs=-1
2021-11-11 22:32:27,948:INFO:Calculating mean and std
2021-11-11 22:32:27,950:INFO:Creating metrics dataframe
2021-11-11 22:32:27,963:INFO:Uploading results into container
2021-11-11 22:32:27,963:INFO:Uploading model into container now
2021-11-11 22:32:27,964:INFO:create_model_container: 18
2021-11-11 22:32:27,964:INFO:master_model_container: 18
2021-11-11 22:32:27,965:INFO:display_container: 2
2021-11-11 22:32:27,990:INFO:LGBMRegressor(boosting_type='gbdt', class_weight=None, colsample_bytree=1.0,
              importance_type='split', learning_rate=0.1, max_depth=-1,
              min_child_samples=20, min_child_weight=0.001, min_split_gain=0.0,
              n_estimators=100, n_jobs=-1, num_leaves=31, objective=None,
              random_state=5123, reg_alpha=0.0, reg_lambda=0.0, silent='warn',
              subsample=1.0, subsample_for_bin=200000, subsample_freq=0)
2021-11-11 22:32:27,990:INFO:create_model() succesfully completed......................................
2021-11-11 22:32:28,069:INFO:SubProcess create_model() end ==================================
2021-11-11 22:32:28,069:INFO:Creating metrics dataframe
2021-11-11 22:32:28,121:INFO:Initializing CatBoost Regressor
2021-11-11 22:32:28,122:INFO:Total runtime is 46.366729040940605 minutes
2021-11-11 22:32:28,150:INFO:SubProcess create_model() called ==================================
2021-11-11 22:32:28,150:INFO:Initializing create_model()
2021-11-11 22:32:28,150:INFO:create_model(estimator=catboost, fold=KFold(n_splits=10, random_state=None, shuffle=False), round=4, cross_validation=True, predict=True, fit_kwargs={}, groups=None, refit=False, verbose=False, system=False, metrics=None, add_to_model_list=True, display=<pycaret.internal.Display.Display object at 0x0000018087ADC5B0>, kwargs={})
2021-11-11 22:32:28,150:INFO:Checking exceptions
2021-11-11 22:32:28,151:INFO:Importing libraries
2021-11-11 22:32:28,151:INFO:Copying training dataset
2021-11-11 22:32:28,164:INFO:Defining folds
2021-11-11 22:32:28,164:INFO:Declaring metric variables
2021-11-11 22:32:28,177:INFO:Importing untrained model
2021-11-11 22:32:28,262:INFO:CatBoost Regressor Imported succesfully
2021-11-11 22:32:28,305:INFO:Starting cross validation
2021-11-11 22:32:28,328:INFO:Cross validating with KFold(n_splits=10, random_state=None, shuffle=False), n_jobs=-1
2021-11-11 22:35:44,097:INFO:Calculating mean and std
2021-11-11 22:35:44,100:INFO:Creating metrics dataframe
2021-11-11 22:35:44,116:INFO:Uploading results into container
2021-11-11 22:35:44,117:INFO:Uploading model into container now
2021-11-11 22:35:44,118:INFO:create_model_container: 19
2021-11-11 22:35:44,118:INFO:master_model_container: 19
2021-11-11 22:35:44,119:INFO:display_container: 2
2021-11-11 22:35:44,119:INFO:<catboost.core.CatBoostRegressor object at 0x000001808EB52940>
2021-11-11 22:35:44,120:INFO:create_model() succesfully completed......................................
2021-11-11 22:35:44,215:INFO:SubProcess create_model() end ==================================
2021-11-11 22:35:44,215:INFO:Creating metrics dataframe
2021-11-11 22:35:44,321:INFO:Initializing create_model()
2021-11-11 22:35:44,321:INFO:create_model(estimator=ExtraTreesRegressor(bootstrap=False, ccp_alpha=0.0, criterion='mse',
                    max_depth=None, max_features='auto', max_leaf_nodes=None,
                    max_samples=None, min_impurity_decrease=0.0,
                    min_impurity_split=None, min_samples_leaf=1,
                    min_samples_split=2, min_weight_fraction_leaf=0.0,
                    n_estimators=100, n_jobs=-1, oob_score=False,
                    random_state=5123, verbose=0, warm_start=False), fold=KFold(n_splits=10, random_state=None, shuffle=False), round=4, cross_validation=False, predict=False, fit_kwargs={}, groups=None, refit=True, verbose=False, system=False, metrics=None, add_to_model_list=True, display=None, kwargs={})
2021-11-11 22:35:44,321:INFO:Checking exceptions
2021-11-11 22:35:44,322:INFO:Importing libraries
2021-11-11 22:35:44,322:INFO:Copying training dataset
2021-11-11 22:35:44,335:INFO:Defining folds
2021-11-11 22:35:44,335:INFO:Declaring metric variables
2021-11-11 22:35:44,336:INFO:Importing untrained model
2021-11-11 22:35:44,336:INFO:Declaring custom model
2021-11-11 22:35:44,336:INFO:Extra Trees Regressor Imported succesfully
2021-11-11 22:35:44,337:INFO:Cross validation set to False
2021-11-11 22:35:44,337:INFO:Fitting Model
2021-11-11 22:37:29,574:INFO:ExtraTreesRegressor(bootstrap=False, ccp_alpha=0.0, criterion='mse',
                    max_depth=None, max_features='auto', max_leaf_nodes=None,
                    max_samples=None, min_impurity_decrease=0.0,
                    min_impurity_split=None, min_samples_leaf=1,
                    min_samples_split=2, min_weight_fraction_leaf=0.0,
                    n_estimators=100, n_jobs=-1, oob_score=False,
                    random_state=5123, verbose=0, warm_start=False)
2021-11-11 22:37:29,575:INFO:create_models() succesfully completed......................................
2021-11-11 22:37:29,711:INFO:create_model_container: 19
2021-11-11 22:37:29,711:INFO:master_model_container: 19
2021-11-11 22:37:29,712:INFO:display_container: 2
2021-11-11 22:37:29,712:INFO:ExtraTreesRegressor(bootstrap=False, ccp_alpha=0.0, criterion='mse',
                    max_depth=None, max_features='auto', max_leaf_nodes=None,
                    max_samples=None, min_impurity_decrease=0.0,
                    min_impurity_split=None, min_samples_leaf=1,
                    min_samples_split=2, min_weight_fraction_leaf=0.0,
                    n_estimators=100, n_jobs=-1, oob_score=False,
                    random_state=5123, verbose=0, warm_start=False)
2021-11-11 22:37:29,712:INFO:compare_models() succesfully completed......................................
